{"C:\\Users\\User\\react\\ContactKeeper\\src\\app.ts": {"path":"C:\\Users\\User\\react\\ContactKeeper\\src\\app.ts","statementMap":{"0":{"start":{"line":1,"column":0},"end":{"line":1,"column":30}},"1":{"start":{"line":2,"column":0},"end":{"line":2,"column":24}},"2":{"start":{"line":3,"column":0},"end":{"line":3,"column":37}},"3":{"start":{"line":4,"column":0},"end":{"line":4,"column":28}},"4":{"start":{"line":5,"column":0},"end":{"line":5,"column":30}},"5":{"start":{"line":7,"column":12},"end":{"line":7,"column":21}},"6":{"start":{"line":9,"column":0},"end":{"line":9,"column":18}},"7":{"start":{"line":10,"column":0},"end":{"line":10,"column":27}},"8":{"start":{"line":11,"column":0},"end":{"line":11,"column":49}},"9":{"start":{"line":12,"column":0},"end":{"line":12,"column":16}},"10":{"start":{"line":13,"column":0},"end":{"line":13,"column":24}},"11":{"start":{"line":15,"column":0},"end":{"line":15,"column":12}},"12":{"start":{"line":17,"column":0},"end":{"line":17,"column":19}}},"fnMap":{},"branchMap":{},"s":{"0":4,"1":4,"2":4,"3":4,"4":4,"5":4,"6":4,"7":4,"8":4,"9":4,"10":4,"11":4,"12":4},"f":{},"b":{}}
,"C:\\Users\\User\\react\\ContactKeeper\\src\\error.ts": {"path":"C:\\Users\\User\\react\\ContactKeeper\\src\\error.ts","statementMap":{"0":{"start":{"line":2,"column":0},"end":{"line":2,"column":51}},"1":{"start":{"line":7,"column":2},"end":{"line":7,"column":10}},"2":{"start":{"line":5,"column":1},"end":{"line":5,"column":16}},"3":{"start":{"line":8,"column":2},"end":{"line":8,"column":31}},"4":{"start":{"line":9,"column":2},"end":{"line":9,"column":25}},"5":{"start":{"line":4,"column":0},"end":{"line":4,"column":13}},"6":{"start":{"line":13,"column":13},"end":{"line":22,"column":2}},"7":{"start":{"line":14,"column":31},"end":{"line":14,"column":34}},"8":{"start":{"line":15,"column":16},"end":{"line":15,"column":37}},"9":{"start":{"line":16,"column":1},"end":{"line":21,"column":4}}},"fnMap":{"0":{"name":"(anonymous_0)","decl":{"start":{"line":6,"column":1},"end":{"line":6,"column":13}},"loc":{"start":{"line":6,"column":48},"end":{"line":10,"column":2}}},"1":{"name":"(anonymous_1)","decl":{"start":{"line":13,"column":27},"end":{"line":13,"column":28}},"loc":{"start":{"line":13,"column":85},"end":{"line":22,"column":1}}}},"branchMap":{"0":{"loc":{"start":{"line":20,"column":30},"end":{"line":20,"column":44}},"type":"cond-expr","locations":[{"start":{"line":20,"column":30},"end":{"line":20,"column":44}},{"start":{"line":20,"column":47},"end":{"line":20,"column":51}}]}},"s":{"0":4,"1":4,"2":4,"3":4,"4":4,"5":4,"6":4,"7":4,"8":4,"9":4},"f":{"0":4,"1":4},"b":{"0":[1,3]}}
,"C:\\Users\\User\\react\\ContactKeeper\\src\\routes.ts": {"path":"C:\\Users\\User\\react\\ContactKeeper\\src\\routes.ts","statementMap":{"0":{"start":{"line":2,"column":0},"end":{"line":2,"column":64}},"1":{"start":{"line":3,"column":0},"end":{"line":3,"column":60}},"2":{"start":{"line":4,"column":0},"end":{"line":4,"column":60}},"3":{"start":{"line":5,"column":0},"end":{"line":5,"column":67}},"4":{"start":{"line":6,"column":15},"end":{"line":11,"column":1}},"5":{"start":{"line":7,"column":1},"end":{"line":7,"column":42}},"6":{"start":{"line":8,"column":1},"end":{"line":8,"column":38}},"7":{"start":{"line":9,"column":1},"end":{"line":9,"column":38}},"8":{"start":{"line":10,"column":1},"end":{"line":10,"column":44}},"9":{"start":{"line":13,"column":0},"end":{"line":13,"column":22}}},"fnMap":{"0":{"name":"(anonymous_1)","decl":{"start":{"line":6,"column":15},"end":{"line":6,"column":16}},"loc":{"start":{"line":6,"column":38},"end":{"line":11,"column":1}}}},"branchMap":{},"s":{"0":4,"1":4,"2":4,"3":4,"4":4,"5":4,"6":4,"7":4,"8":4,"9":4},"f":{"0":4},"b":{}}
,"C:\\Users\\User\\react\\ContactKeeper\\src\\controllers\\auth.controller.ts": {"path":"C:\\Users\\User\\react\\ContactKeeper\\src\\controllers\\auth.controller.ts","statementMap":{"0":{"start":{"line":1,"column":0},"end":{"line":1,"column":50}},"1":{"start":{"line":2,"column":0},"end":{"line":2,"column":31}},"2":{"start":{"line":3,"column":0},"end":{"line":3,"column":31}},"3":{"start":{"line":4,"column":0},"end":{"line":4,"column":28}},"4":{"start":{"line":5,"column":0},"end":{"line":5,"column":51}},"5":{"start":{"line":6,"column":0},"end":{"line":6,"column":34}},"6":{"start":{"line":8,"column":0},"end":{"line":8,"column":82}},"7":{"start":{"line":9,"column":0},"end":{"line":9,"column":57}},"8":{"start":{"line":11,"column":15},"end":{"line":11,"column":23}},"9":{"start":{"line":12,"column":0},"end":{"line":39,"column":3}},"10":{"start":{"line":12,"column":98},"end":{"line":39,"column":2}},"11":{"start":{"line":13,"column":27},"end":{"line":13,"column":35}},"12":{"start":{"line":14,"column":1},"end":{"line":38,"column":null}},"13":{"start":{"line":15,"column":13},"end":{"line":15,"column":40}},"14":{"start":{"line":16,"column":2},"end":{"line":34,"column":null}},"15":{"start":{"line":17,"column":19},"end":{"line":17,"column":65}},"16":{"start":{"line":18,"column":3},"end":{"line":21,"column":null}},"17":{"start":{"line":19,"column":19},"end":{"line":19,"column":63}},"18":{"start":{"line":20,"column":4},"end":{"line":20,"column":35}},"19":{"start":{"line":22,"column":19},"end":{"line":26,"column":5}},"20":{"start":{"line":27,"column":3},"end":{"line":30,"column":6}},"21":{"start":{"line":28,"column":4},"end":{"line":28,"column":23}},"22":{"start":{"line":28,"column":13},"end":{"line":28,"column":23}},"23":{"start":{"line":29,"column":4},"end":{"line":29,"column":35}},"24":{"start":{"line":32,"column":18},"end":{"line":32,"column":55}},"25":{"start":{"line":33,"column":3},"end":{"line":33,"column":34}},"26":{"start":{"line":36,"column":17},"end":{"line":36,"column":54}},"27":{"start":{"line":37,"column":2},"end":{"line":37,"column":33}},"28":{"start":{"line":41,"column":0},"end":{"line":41,"column":22}}},"fnMap":{"0":{"name":"(anonymous_8)","decl":{"start":{"line":12,"column":59},"end":{"line":12,"column":66}},"loc":{"start":{"line":12,"column":98},"end":{"line":39,"column":2}}},"1":{"name":"(anonymous_9)","decl":{"start":{"line":12,"column":98},"end":{"line":12,"column":null}},"loc":{"start":{"line":12,"column":98},"end":{"line":39,"column":1}}},"2":{"name":"(anonymous_10)","decl":{"start":{"line":27,"column":66},"end":{"line":27,"column":67}},"loc":{"start":{"line":27,"column":81},"end":{"line":30,"column":4}}}},"branchMap":{"0":{"loc":{"start":{"line":16,"column":2},"end":{"line":34,"column":null}},"type":"if","locations":[{"start":{"line":16,"column":2},"end":{"line":34,"column":null}},{"start":{"line":16,"column":2},"end":{"line":34,"column":null}}]},"1":{"loc":{"start":{"line":18,"column":3},"end":{"line":21,"column":null}},"type":"if","locations":[{"start":{"line":18,"column":3},"end":{"line":21,"column":null}},{"start":{"line":18,"column":3},"end":{"line":21,"column":null}}]},"2":{"loc":{"start":{"line":28,"column":4},"end":{"line":28,"column":23}},"type":"if","locations":[{"start":{"line":28,"column":4},"end":{"line":28,"column":23}},{"start":{"line":28,"column":4},"end":{"line":28,"column":23}}]}},"s":{"0":4,"1":4,"2":4,"3":4,"4":4,"5":4,"6":4,"7":4,"8":4,"9":4,"10":4,"11":4,"12":4,"13":4,"14":4,"15":3,"16":3,"17":1,"18":1,"19":3,"20":3,"21":3,"22":0,"23":3,"24":1,"25":1,"26":0,"27":0,"28":4},"f":{"0":4,"1":4,"2":3},"b":{"0":[3,1],"1":[1,2],"2":[0,3]}}
,"C:\\Users\\User\\react\\ContactKeeper\\src\\controllers\\contacts.controller.ts": {"path":"C:\\Users\\User\\react\\ContactKeeper\\src\\controllers\\contacts.controller.ts","statementMap":{"0":{"start":{"line":1,"column":0},"end":{"line":1,"column":50}},"1":{"start":{"line":2,"column":0},"end":{"line":2,"column":55}},"2":{"start":{"line":3,"column":0},"end":{"line":3,"column":51}},"3":{"start":{"line":4,"column":0},"end":{"line":4,"column":40}},"4":{"start":{"line":5,"column":0},"end":{"line":5,"column":78}},"5":{"start":{"line":6,"column":0},"end":{"line":6,"column":76}},"6":{"start":{"line":7,"column":0},"end":{"line":7,"column":57}},"7":{"start":{"line":8,"column":15},"end":{"line":8,"column":23}},"8":{"start":{"line":10,"column":0},"end":{"line":21,"column":3}},"9":{"start":{"line":10,"column":66},"end":{"line":21,"column":2}},"10":{"start":{"line":11,"column":1},"end":{"line":20,"column":null}},"11":{"start":{"line":12,"column":19},"end":{"line":12,"column":76}},"12":{"start":{"line":13,"column":2},"end":{"line":16,"column":5}},"13":{"start":{"line":18,"column":17},"end":{"line":18,"column":54}},"14":{"start":{"line":19,"column":2},"end":{"line":19,"column":32}},"15":{"start":{"line":23,"column":0},"end":{"line":50,"column":2}},"16":{"start":{"line":28,"column":39},"end":{"line":49,"column":null}},"17":{"start":{"line":29,"column":43},"end":{"line":29,"column":51}},"18":{"start":{"line":30,"column":2},"end":{"line":48,"column":null}},"19":{"start":{"line":31,"column":20},"end":{"line":38,"column":5}},"20":{"start":{"line":39,"column":19},"end":{"line":39,"column":42}},"21":{"start":{"line":41,"column":3},"end":{"line":44,"column":6}},"22":{"start":{"line":46,"column":18},"end":{"line":46,"column":55}},"23":{"start":{"line":47,"column":3},"end":{"line":47,"column":33}},"24":{"start":{"line":52,"column":0},"end":{"line":92,"column":2}},"25":{"start":{"line":57,"column":39},"end":{"line":91,"column":null}},"26":{"start":{"line":58,"column":2},"end":{"line":90,"column":null}},"27":{"start":{"line":59,"column":44},"end":{"line":59,"column":52}},"28":{"start":{"line":60,"column":30},"end":{"line":60,"column":32}},"29":{"start":{"line":62,"column":3},"end":{"line":62,"column":39}},"30":{"start":{"line":62,"column":13},"end":{"line":62,"column":39}},"31":{"start":{"line":63,"column":3},"end":{"line":63,"column":42}},"32":{"start":{"line":63,"column":14},"end":{"line":63,"column":42}},"33":{"start":{"line":64,"column":3},"end":{"line":64,"column":42}},"34":{"start":{"line":64,"column":14},"end":{"line":64,"column":42}},"35":{"start":{"line":65,"column":3},"end":{"line":65,"column":39}},"36":{"start":{"line":65,"column":13},"end":{"line":65,"column":39}},"37":{"start":{"line":66,"column":3},"end":{"line":66,"column":39}},"38":{"start":{"line":66,"column":13},"end":{"line":66,"column":39}},"39":{"start":{"line":68,"column":17},"end":{"line":68,"column":53}},"40":{"start":{"line":69,"column":3},"end":{"line":73,"column":null}},"41":{"start":{"line":70,"column":19},"end":{"line":70,"column":61}},"42":{"start":{"line":71,"column":4},"end":{"line":71,"column":34}},"43":{"start":{"line":72,"column":4},"end":{"line":72,"column":11}},"44":{"start":{"line":75,"column":3},"end":{"line":79,"column":null}},"45":{"start":{"line":76,"column":19},"end":{"line":76,"column":58}},"46":{"start":{"line":77,"column":4},"end":{"line":77,"column":34}},"47":{"start":{"line":78,"column":4},"end":{"line":78,"column":11}},"48":{"start":{"line":81,"column":3},"end":{"line":81,"column":95}},"49":{"start":{"line":83,"column":3},"end":{"line":86,"column":6}},"50":{"start":{"line":88,"column":18},"end":{"line":88,"column":55}},"51":{"start":{"line":89,"column":3},"end":{"line":89,"column":33}},"52":{"start":{"line":94,"column":0},"end":{"line":118,"column":3}},"53":{"start":{"line":94,"column":72},"end":{"line":118,"column":2}},"54":{"start":{"line":95,"column":1},"end":{"line":117,"column":null}},"55":{"start":{"line":96,"column":16},"end":{"line":96,"column":53}},"56":{"start":{"line":97,"column":2},"end":{"line":101,"column":null}},"57":{"start":{"line":98,"column":18},"end":{"line":98,"column":60}},"58":{"start":{"line":99,"column":3},"end":{"line":99,"column":33}},"59":{"start":{"line":100,"column":3},"end":{"line":100,"column":10}},"60":{"start":{"line":103,"column":2},"end":{"line":107,"column":null}},"61":{"start":{"line":104,"column":18},"end":{"line":104,"column":57}},"62":{"start":{"line":105,"column":3},"end":{"line":105,"column":33}},"63":{"start":{"line":106,"column":3},"end":{"line":106,"column":10}},"64":{"start":{"line":109,"column":2},"end":{"line":109,"column":49}},"65":{"start":{"line":110,"column":2},"end":{"line":113,"column":5}},"66":{"start":{"line":115,"column":17},"end":{"line":115,"column":54}},"67":{"start":{"line":116,"column":2},"end":{"line":116,"column":32}},"68":{"start":{"line":120,"column":0},"end":{"line":120,"column":22}}},"fnMap":{"0":{"name":"(anonymous_8)","decl":{"start":{"line":10,"column":28},"end":{"line":10,"column":35}},"loc":{"start":{"line":10,"column":66},"end":{"line":21,"column":2}}},"1":{"name":"(anonymous_9)","decl":{"start":{"line":10,"column":66},"end":{"line":10,"column":null}},"loc":{"start":{"line":10,"column":66},"end":{"line":21,"column":1}}},"2":{"name":"(anonymous_10)","decl":{"start":{"line":28,"column":1},"end":{"line":28,"column":8}},"loc":{"start":{"line":28,"column":39},"end":{"line":49,"column":null}}},"3":{"name":"(anonymous_11)","decl":{"start":{"line":28,"column":39},"end":{"line":28,"column":null}},"loc":{"start":{"line":28,"column":39},"end":{"line":49,"column":2}}},"4":{"name":"(anonymous_12)","decl":{"start":{"line":57,"column":1},"end":{"line":57,"column":8}},"loc":{"start":{"line":57,"column":39},"end":{"line":91,"column":null}}},"5":{"name":"(anonymous_13)","decl":{"start":{"line":57,"column":39},"end":{"line":57,"column":null}},"loc":{"start":{"line":57,"column":39},"end":{"line":91,"column":2}}},"6":{"name":"(anonymous_14)","decl":{"start":{"line":94,"column":34},"end":{"line":94,"column":41}},"loc":{"start":{"line":94,"column":72},"end":{"line":118,"column":2}}},"7":{"name":"(anonymous_15)","decl":{"start":{"line":94,"column":72},"end":{"line":94,"column":null}},"loc":{"start":{"line":94,"column":72},"end":{"line":118,"column":1}}}},"branchMap":{"0":{"loc":{"start":{"line":12,"column":53},"end":{"line":12,"column":55}},"type":"cond-expr","locations":[{"start":{"line":12,"column":53},"end":{"line":12,"column":55}},{"start":{"line":12,"column":53},"end":{"line":12,"column":57}}]},"1":{"loc":{"start":{"line":12,"column":43},"end":{"line":12,"column":55}},"type":"binary-expr","locations":[{"start":{"line":12,"column":43},"end":{"line":12,"column":55}},{"start":{"line":12,"column":53},"end":{"line":12,"column":55}}]},"2":{"loc":{"start":{"line":32,"column":18},"end":{"line":32,"column":20}},"type":"cond-expr","locations":[{"start":{"line":32,"column":18},"end":{"line":32,"column":20}},{"start":{"line":32,"column":18},"end":{"line":32,"column":22}}]},"3":{"loc":{"start":{"line":32,"column":8},"end":{"line":32,"column":20}},"type":"binary-expr","locations":[{"start":{"line":32,"column":8},"end":{"line":32,"column":20}},{"start":{"line":32,"column":18},"end":{"line":32,"column":20}}]},"4":{"loc":{"start":{"line":62,"column":3},"end":{"line":62,"column":39}},"type":"if","locations":[{"start":{"line":62,"column":3},"end":{"line":62,"column":39}},{"start":{"line":62,"column":3},"end":{"line":62,"column":39}}]},"5":{"loc":{"start":{"line":63,"column":3},"end":{"line":63,"column":42}},"type":"if","locations":[{"start":{"line":63,"column":3},"end":{"line":63,"column":42}},{"start":{"line":63,"column":3},"end":{"line":63,"column":42}}]},"6":{"loc":{"start":{"line":64,"column":3},"end":{"line":64,"column":42}},"type":"if","locations":[{"start":{"line":64,"column":3},"end":{"line":64,"column":42}},{"start":{"line":64,"column":3},"end":{"line":64,"column":42}}]},"7":{"loc":{"start":{"line":65,"column":3},"end":{"line":65,"column":39}},"type":"if","locations":[{"start":{"line":65,"column":3},"end":{"line":65,"column":39}},{"start":{"line":65,"column":3},"end":{"line":65,"column":39}}]},"8":{"loc":{"start":{"line":66,"column":3},"end":{"line":66,"column":39}},"type":"if","locations":[{"start":{"line":66,"column":3},"end":{"line":66,"column":39}},{"start":{"line":66,"column":3},"end":{"line":66,"column":39}}]},"9":{"loc":{"start":{"line":69,"column":3},"end":{"line":73,"column":null}},"type":"if","locations":[{"start":{"line":69,"column":3},"end":{"line":73,"column":null}},{"start":{"line":69,"column":3},"end":{"line":73,"column":null}}]},"10":{"loc":{"start":{"line":75,"column":3},"end":{"line":79,"column":null}},"type":"if","locations":[{"start":{"line":75,"column":3},"end":{"line":79,"column":null}},{"start":{"line":75,"column":3},"end":{"line":79,"column":null}}]},"11":{"loc":{"start":{"line":75,"column":14},"end":{"line":75,"column":16}},"type":"cond-expr","locations":[{"start":{"line":75,"column":14},"end":{"line":75,"column":16}},{"start":{"line":75,"column":7},"end":{"line":75,"column":36}}]},"12":{"loc":{"start":{"line":75,"column":7},"end":{"line":75,"column":16}},"type":"binary-expr","locations":[{"start":{"line":75,"column":7},"end":{"line":75,"column":16}},{"start":{"line":75,"column":7},"end":{"line":75,"column":16}}]},"13":{"loc":{"start":{"line":75,"column":44},"end":{"line":75,"column":46}},"type":"cond-expr","locations":[{"start":{"line":75,"column":44},"end":{"line":75,"column":46}},{"start":{"line":75,"column":44},"end":{"line":75,"column":48}}]},"14":{"loc":{"start":{"line":75,"column":29},"end":{"line":75,"column":46}},"type":"binary-expr","locations":[{"start":{"line":75,"column":29},"end":{"line":75,"column":46}},{"start":{"line":75,"column":44},"end":{"line":75,"column":46}}]},"15":{"loc":{"start":{"line":97,"column":2},"end":{"line":101,"column":null}},"type":"if","locations":[{"start":{"line":97,"column":2},"end":{"line":101,"column":null}},{"start":{"line":97,"column":2},"end":{"line":101,"column":null}}]},"16":{"loc":{"start":{"line":103,"column":2},"end":{"line":107,"column":null}},"type":"if","locations":[{"start":{"line":103,"column":2},"end":{"line":107,"column":null}},{"start":{"line":103,"column":2},"end":{"line":107,"column":null}}]},"17":{"loc":{"start":{"line":103,"column":13},"end":{"line":103,"column":15}},"type":"cond-expr","locations":[{"start":{"line":103,"column":13},"end":{"line":103,"column":15}},{"start":{"line":103,"column":6},"end":{"line":103,"column":35}}]},"18":{"loc":{"start":{"line":103,"column":6},"end":{"line":103,"column":15}},"type":"binary-expr","locations":[{"start":{"line":103,"column":6},"end":{"line":103,"column":15}},{"start":{"line":103,"column":6},"end":{"line":103,"column":15}}]},"19":{"loc":{"start":{"line":103,"column":43},"end":{"line":103,"column":45}},"type":"cond-expr","locations":[{"start":{"line":103,"column":43},"end":{"line":103,"column":45}},{"start":{"line":103,"column":43},"end":{"line":103,"column":47}}]},"20":{"loc":{"start":{"line":103,"column":28},"end":{"line":103,"column":45}},"type":"binary-expr","locations":[{"start":{"line":103,"column":28},"end":{"line":103,"column":45}},{"start":{"line":103,"column":43},"end":{"line":103,"column":45}}]}},"s":{"0":4,"1":4,"2":4,"3":4,"4":4,"5":4,"6":4,"7":4,"8":4,"9":1,"10":1,"11":1,"12":1,"13":0,"14":0,"15":4,"16":1,"17":1,"18":1,"19":1,"20":1,"21":1,"22":0,"23":0,"24":4,"25":1,"26":1,"27":1,"28":1,"29":1,"30":1,"31":1,"32":1,"33":1,"34":1,"35":1,"36":0,"37":1,"38":0,"39":1,"40":1,"41":0,"42":0,"43":0,"44":1,"45":0,"46":0,"47":0,"48":1,"49":1,"50":0,"51":0,"52":4,"53":1,"54":1,"55":1,"56":1,"57":0,"58":0,"59":0,"60":1,"61":0,"62":0,"63":0,"64":1,"65":1,"66":0,"67":0,"68":4},"f":{"0":1,"1":1,"2":1,"3":1,"4":1,"5":1,"6":1,"7":1},"b":{"0":[0,1],"1":[1,1],"2":[0,1],"3":[1,1],"4":[1,0],"5":[1,0],"6":[1,0],"7":[0,1],"8":[0,1],"9":[0,1],"10":[0,1],"11":[0,1],"12":[1,1],"13":[0,1],"14":[1,1],"15":[0,1],"16":[0,1],"17":[0,1],"18":[1,1],"19":[0,1],"20":[1,1]}}
,"C:\\Users\\User\\react\\ContactKeeper\\src\\controllers\\health.controller.ts": {"path":"C:\\Users\\User\\react\\ContactKeeper\\src\\controllers\\health.controller.ts","statementMap":{"0":{"start":{"line":1,"column":0},"end":{"line":1,"column":51}},"1":{"start":{"line":2,"column":0},"end":{"line":2,"column":28}},"2":{"start":{"line":4,"column":13},"end":{"line":4,"column":31}},"3":{"start":{"line":6,"column":15},"end":{"line":6,"column":31}},"4":{"start":{"line":8,"column":0},"end":{"line":15,"column":3}},"5":{"start":{"line":9,"column":1},"end":{"line":14,"column":4}},"6":{"start":{"line":16,"column":0},"end":{"line":16,"column":22}}},"fnMap":{"0":{"name":"(anonymous_1)","decl":{"start":{"line":8,"column":16},"end":{"line":8,"column":17}},"loc":{"start":{"line":8,"column":48},"end":{"line":15,"column":1}}}},"branchMap":{},"s":{"0":4,"1":4,"2":4,"3":4,"4":4,"5":1,"6":4},"f":{"0":1},"b":{}}
,"C:\\Users\\User\\react\\ContactKeeper\\src\\controllers\\user.controller.ts": {"path":"C:\\Users\\User\\react\\ContactKeeper\\src\\controllers\\user.controller.ts","statementMap":{"0":{"start":{"line":1,"column":0},"end":{"line":1,"column":50}},"1":{"start":{"line":2,"column":0},"end":{"line":2,"column":30}},"2":{"start":{"line":3,"column":0},"end":{"line":3,"column":31}},"3":{"start":{"line":4,"column":0},"end":{"line":4,"column":28}},"4":{"start":{"line":5,"column":0},"end":{"line":5,"column":34}},"5":{"start":{"line":6,"column":0},"end":{"line":6,"column":51}},"6":{"start":{"line":7,"column":0},"end":{"line":7,"column":82}},"7":{"start":{"line":8,"column":0},"end":{"line":8,"column":57}},"8":{"start":{"line":10,"column":15},"end":{"line":10,"column":23}},"9":{"start":{"line":16,"column":0},"end":{"line":51,"column":3}},"10":{"start":{"line":16,"column":98},"end":{"line":51,"column":2}},"11":{"start":{"line":17,"column":33},"end":{"line":17,"column":41}},"12":{"start":{"line":18,"column":1},"end":{"line":50,"column":null}},"13":{"start":{"line":19,"column":13},"end":{"line":19,"column":40}},"14":{"start":{"line":20,"column":2},"end":{"line":23,"column":null}},"15":{"start":{"line":21,"column":18},"end":{"line":21,"column":62}},"16":{"start":{"line":22,"column":3},"end":{"line":22,"column":34}},"17":{"start":{"line":24,"column":2},"end":{"line":28,"column":5}},"18":{"start":{"line":29,"column":15},"end":{"line":29,"column":39}},"19":{"start":{"line":30,"column":2},"end":{"line":30,"column":52}},"20":{"start":{"line":32,"column":2},"end":{"line":32,"column":20}},"21":{"start":{"line":34,"column":18},"end":{"line":38,"column":4}},"22":{"start":{"line":40,"column":2},"end":{"line":46,"column":5}},"23":{"start":{"line":41,"column":3},"end":{"line":41,"column":22}},"24":{"start":{"line":41,"column":12},"end":{"line":41,"column":22}},"25":{"start":{"line":42,"column":3},"end":{"line":45,"column":6}},"26":{"start":{"line":48,"column":17},"end":{"line":48,"column":54}},"27":{"start":{"line":49,"column":2},"end":{"line":49,"column":33}},"28":{"start":{"line":53,"column":0},"end":{"line":53,"column":22}}},"fnMap":{"0":{"name":"(anonymous_8)","decl":{"start":{"line":16,"column":59},"end":{"line":16,"column":66}},"loc":{"start":{"line":16,"column":98},"end":{"line":51,"column":2}}},"1":{"name":"(anonymous_9)","decl":{"start":{"line":16,"column":98},"end":{"line":16,"column":null}},"loc":{"start":{"line":16,"column":98},"end":{"line":51,"column":1}}},"2":{"name":"(anonymous_10)","decl":{"start":{"line":40,"column":65},"end":{"line":40,"column":66}},"loc":{"start":{"line":40,"column":80},"end":{"line":46,"column":3}}}},"branchMap":{"0":{"loc":{"start":{"line":20,"column":2},"end":{"line":23,"column":null}},"type":"if","locations":[{"start":{"line":20,"column":2},"end":{"line":23,"column":null}},{"start":{"line":20,"column":2},"end":{"line":23,"column":null}}]},"1":{"loc":{"start":{"line":41,"column":3},"end":{"line":41,"column":22}},"type":"if","locations":[{"start":{"line":41,"column":3},"end":{"line":41,"column":22}},{"start":{"line":41,"column":3},"end":{"line":41,"column":22}}]}},"s":{"0":4,"1":4,"2":4,"3":4,"4":4,"5":4,"6":4,"7":4,"8":4,"9":4,"10":4,"11":4,"12":4,"13":4,"14":4,"15":1,"16":1,"17":4,"18":4,"19":4,"20":4,"21":4,"22":4,"23":4,"24":0,"25":4,"26":0,"27":0,"28":4},"f":{"0":4,"1":4,"2":4},"b":{"0":[1,3],"1":[0,4]}}
,"C:\\Users\\User\\react\\ContactKeeper\\src\\middlewares\\validator.ts": {"path":"C:\\Users\\User\\react\\ContactKeeper\\src\\middlewares\\validator.ts","statementMap":{"0":{"start":{"line":2,"column":0},"end":{"line":2,"column":51}},"1":{"start":{"line":3,"column":0},"end":{"line":3,"column":51}},"2":{"start":{"line":5,"column":26},"end":{"line":12,"column":1}},"3":{"start":{"line":6,"column":16},"end":{"line":6,"column":37}},"4":{"start":{"line":7,"column":1},"end":{"line":9,"column":null}},"5":{"start":{"line":8,"column":2},"end":{"line":8,"column":16}},"6":{"start":{"line":10,"column":13},"end":{"line":10,"column":51}},"7":{"start":{"line":11,"column":1},"end":{"line":11,"column":28}},"8":{"start":{"line":14,"column":0},"end":{"line":14,"column":33}}},"fnMap":{"0":{"name":"(anonymous_0)","decl":{"start":{"line":5,"column":26},"end":{"line":5,"column":27}},"loc":{"start":{"line":5,"column":84},"end":{"line":12,"column":1}}}},"branchMap":{"0":{"loc":{"start":{"line":7,"column":1},"end":{"line":9,"column":null}},"type":"if","locations":[{"start":{"line":7,"column":1},"end":{"line":9,"column":null}},{"start":{"line":7,"column":1},"end":{"line":9,"column":null}}]}},"s":{"0":4,"1":4,"2":4,"3":11,"4":11,"5":10,"6":1,"7":1,"8":4},"f":{"0":11},"b":{"0":[10,1]}}
,"C:\\Users\\User\\react\\ContactKeeper\\src\\middlewares\\auth\\auth.midd.ts": {"path":"C:\\Users\\User\\react\\ContactKeeper\\src\\middlewares\\auth\\auth.midd.ts","statementMap":{"0":{"start":{"line":2,"column":0},"end":{"line":2,"column":54}},"1":{"start":{"line":3,"column":0},"end":{"line":3,"column":31}},"2":{"start":{"line":4,"column":0},"end":{"line":4,"column":28}},"3":{"start":{"line":6,"column":19},"end":{"line":23,"column":1}},"4":{"start":{"line":7,"column":15},"end":{"line":7,"column":41}},"5":{"start":{"line":8,"column":1},"end":{"line":12,"column":null}},"6":{"start":{"line":9,"column":17},"end":{"line":9,"column":72}},"7":{"start":{"line":10,"column":2},"end":{"line":10,"column":32}},"8":{"start":{"line":11,"column":2},"end":{"line":11,"column":9}},"9":{"start":{"line":14,"column":1},"end":{"line":22,"column":null}},"10":{"start":{"line":15,"column":23},"end":{"line":15,"column":66}},"11":{"start":{"line":16,"column":2},"end":{"line":16,"column":26}},"12":{"start":{"line":17,"column":2},"end":{"line":17,"column":9}},"13":{"start":{"line":19,"column":17},"end":{"line":19,"column":60}},"14":{"start":{"line":20,"column":2},"end":{"line":20,"column":32}},"15":{"start":{"line":21,"column":2},"end":{"line":21,"column":9}},"16":{"start":{"line":25,"column":0},"end":{"line":25,"column":26}}},"fnMap":{"0":{"name":"(anonymous_1)","decl":{"start":{"line":6,"column":19},"end":{"line":6,"column":20}},"loc":{"start":{"line":6,"column":71},"end":{"line":23,"column":1}}}},"branchMap":{"0":{"loc":{"start":{"line":8,"column":1},"end":{"line":12,"column":null}},"type":"if","locations":[{"start":{"line":8,"column":1},"end":{"line":12,"column":null}},{"start":{"line":8,"column":1},"end":{"line":12,"column":null}}]}},"s":{"0":4,"1":4,"2":4,"3":4,"4":4,"5":4,"6":0,"7":0,"8":0,"9":4,"10":4,"11":4,"12":4,"13":0,"14":0,"15":0,"16":4},"f":{"0":4},"b":{"0":[0,4]}}
,"C:\\Users\\User\\react\\ContactKeeper\\src\\middlewares\\validators\\auth\\auth.validator.ts": {"path":"C:\\Users\\User\\react\\ContactKeeper\\src\\middlewares\\validators\\auth\\auth.validator.ts","statementMap":{"0":{"start":{"line":1,"column":0},"end":{"line":1,"column":39}},"1":{"start":{"line":2,"column":20},"end":{"line":6,"column":2}},"2":{"start":{"line":7,"column":0},"end":{"line":7,"column":27}}},"fnMap":{},"branchMap":{},"s":{"0":4,"1":4,"2":4},"f":{},"b":{}}
,"C:\\Users\\User\\react\\ContactKeeper\\src\\middlewares\\validators\\contact\\post.ts": {"path":"C:\\Users\\User\\react\\ContactKeeper\\src\\middlewares\\validators\\contact\\post.ts","statementMap":{"0":{"start":{"line":2,"column":0},"end":{"line":2,"column":39}},"1":{"start":{"line":4,"column":20},"end":{"line":12,"column":2}},"2":{"start":{"line":13,"column":0},"end":{"line":13,"column":27}}},"fnMap":{},"branchMap":{},"s":{"0":4,"1":4,"2":4},"f":{},"b":{}}
,"C:\\Users\\User\\react\\ContactKeeper\\src\\middlewares\\validators\\contact\\put.ts": {"path":"C:\\Users\\User\\react\\ContactKeeper\\src\\middlewares\\validators\\contact\\put.ts","statementMap":{"0":{"start":{"line":1,"column":0},"end":{"line":1,"column":40}},"1":{"start":{"line":3,"column":20},"end":{"line":3,"column":76}},"2":{"start":{"line":5,"column":0},"end":{"line":5,"column":27}}},"fnMap":{},"branchMap":{},"s":{"0":4,"1":4,"2":4},"f":{},"b":{}}
,"C:\\Users\\User\\react\\ContactKeeper\\src\\middlewares\\validators\\user\\user.validator.ts": {"path":"C:\\Users\\User\\react\\ContactKeeper\\src\\middlewares\\validators\\user\\user.validator.ts","statementMap":{"0":{"start":{"line":1,"column":0},"end":{"line":1,"column":39}},"1":{"start":{"line":3,"column":20},"end":{"line":12,"column":2}},"2":{"start":{"line":13,"column":0},"end":{"line":13,"column":27}}},"fnMap":{},"branchMap":{},"s":{"0":4,"1":4,"2":4},"f":{},"b":{}}
,"C:\\Users\\User\\react\\ContactKeeper\\src\\models\\contact.ts": {"path":"C:\\Users\\User\\react\\ContactKeeper\\src\\models\\contact.ts","statementMap":{"0":{"start":{"line":1,"column":0},"end":{"line":1,"column":49}},"1":{"start":{"line":2,"column":22},"end":{"line":26,"column":2}},"2":{"start":{"line":37,"column":0},"end":{"line":37,"column":63}}},"fnMap":{},"branchMap":{},"s":{"0":4,"1":4,"2":4},"f":{},"b":{}}
,"C:\\Users\\User\\react\\ContactKeeper\\src\\models\\user.ts": {"path":"C:\\Users\\User\\react\\ContactKeeper\\src\\models\\user.ts","statementMap":{"0":{"start":{"line":2,"column":0},"end":{"line":2,"column":49}},"1":{"start":{"line":4,"column":19},"end":{"line":22,"column":2}},"2":{"start":{"line":31,"column":0},"end":{"line":31,"column":54}}},"fnMap":{},"branchMap":{},"s":{"0":4,"1":4,"2":4},"f":{},"b":{}}
}
