TN:
SF:src\app.ts
FNF:0
FNH:0
DA:1,4
DA:2,4
DA:3,4
DA:4,4
DA:5,4
DA:7,4
DA:9,4
DA:10,4
DA:11,4
DA:12,4
DA:13,4
DA:15,4
DA:17,4
LF:13
LH:13
BRF:0
BRH:0
end_of_record
TN:
SF:src\error.ts
FN:6,(anonymous_0)
FN:13,(anonymous_1)
FNF:2
FNH:2
FNDA:4,(anonymous_0)
FNDA:4,(anonymous_1)
DA:2,4
DA:4,4
DA:5,4
DA:7,4
DA:8,4
DA:9,4
DA:13,4
DA:14,4
DA:15,4
DA:16,4
LF:10
LH:10
BRDA:20,0,0,1
BRDA:20,0,1,3
BRF:2
BRH:2
end_of_record
TN:
SF:src\routes.ts
FN:6,(anonymous_1)
FNF:1
FNH:1
FNDA:4,(anonymous_1)
DA:2,4
DA:3,4
DA:4,4
DA:5,4
DA:6,4
DA:7,4
DA:8,4
DA:9,4
DA:10,4
DA:13,4
LF:10
LH:10
BRF:0
BRH:0
end_of_record
TN:
SF:src\controllers\auth.controller.ts
FN:12,(anonymous_8)
FN:12,(anonymous_9)
FN:27,(anonymous_10)
FNF:3
FNH:3
FNDA:4,(anonymous_8)
FNDA:4,(anonymous_9)
FNDA:3,(anonymous_10)
DA:1,4
DA:2,4
DA:3,4
DA:4,4
DA:5,4
DA:6,4
DA:8,4
DA:9,4
DA:11,4
DA:12,4
DA:13,4
DA:14,4
DA:15,4
DA:16,4
DA:17,3
DA:18,3
DA:19,1
DA:20,1
DA:22,3
DA:27,3
DA:28,3
DA:29,3
DA:32,1
DA:33,1
DA:36,0
DA:37,0
DA:41,4
LF:27
LH:25
BRDA:16,0,0,3
BRDA:16,0,1,1
BRDA:18,1,0,1
BRDA:18,1,1,2
BRDA:28,2,0,0
BRDA:28,2,1,3
BRF:6
BRH:5
end_of_record
TN:
SF:src\controllers\contacts.controller.ts
FN:10,(anonymous_8)
FN:10,(anonymous_9)
FN:28,(anonymous_10)
FN:28,(anonymous_11)
FN:57,(anonymous_12)
FN:57,(anonymous_13)
FN:94,(anonymous_14)
FN:94,(anonymous_15)
FNF:8
FNH:8
FNDA:1,(anonymous_8)
FNDA:1,(anonymous_9)
FNDA:1,(anonymous_10)
FNDA:1,(anonymous_11)
FNDA:1,(anonymous_12)
FNDA:1,(anonymous_13)
FNDA:1,(anonymous_14)
FNDA:1,(anonymous_15)
DA:1,4
DA:2,4
DA:3,4
DA:4,4
DA:5,4
DA:6,4
DA:7,4
DA:8,4
DA:10,4
DA:11,1
DA:12,1
DA:13,1
DA:18,0
DA:19,0
DA:23,4
DA:28,1
DA:29,1
DA:30,1
DA:31,1
DA:39,1
DA:41,1
DA:46,0
DA:47,0
DA:52,4
DA:57,1
DA:58,1
DA:59,1
DA:60,1
DA:62,1
DA:63,1
DA:64,1
DA:65,1
DA:66,1
DA:68,1
DA:69,1
DA:70,0
DA:71,0
DA:72,0
DA:75,1
DA:76,0
DA:77,0
DA:78,0
DA:81,1
DA:83,1
DA:88,0
DA:89,0
DA:94,4
DA:95,1
DA:96,1
DA:97,1
DA:98,0
DA:99,0
DA:100,0
DA:103,1
DA:104,0
DA:105,0
DA:106,0
DA:109,1
DA:110,1
DA:115,0
DA:116,0
DA:120,4
LF:62
LH:42
BRDA:12,0,0,0
BRDA:12,0,1,1
BRDA:12,1,0,1
BRDA:12,1,1,1
BRDA:32,2,0,0
BRDA:32,2,1,1
BRDA:32,3,0,1
BRDA:32,3,1,1
BRDA:62,4,0,1
BRDA:62,4,1,0
BRDA:63,5,0,1
BRDA:63,5,1,0
BRDA:64,6,0,1
BRDA:64,6,1,0
BRDA:65,7,0,0
BRDA:65,7,1,1
BRDA:66,8,0,0
BRDA:66,8,1,1
BRDA:69,9,0,0
BRDA:69,9,1,1
BRDA:75,10,0,0
BRDA:75,10,1,1
BRDA:75,11,0,0
BRDA:75,11,1,1
BRDA:75,12,0,1
BRDA:75,12,1,1
BRDA:75,13,0,0
BRDA:75,13,1,1
BRDA:75,14,0,1
BRDA:75,14,1,1
BRDA:97,15,0,0
BRDA:97,15,1,1
BRDA:103,16,0,0
BRDA:103,16,1,1
BRDA:103,17,0,0
BRDA:103,17,1,1
BRDA:103,18,0,1
BRDA:103,18,1,1
BRDA:103,19,0,0
BRDA:103,19,1,1
BRDA:103,20,0,1
BRDA:103,20,1,1
BRF:42
BRH:27
end_of_record
TN:
SF:src\controllers\health.controller.ts
FN:8,(anonymous_1)
FNF:1
FNH:1
FNDA:1,(anonymous_1)
DA:1,4
DA:2,4
DA:4,4
DA:6,4
DA:8,4
DA:9,1
DA:16,4
LF:7
LH:7
BRF:0
BRH:0
end_of_record
TN:
SF:src\controllers\user.controller.ts
FN:16,(anonymous_8)
FN:16,(anonymous_9)
FN:40,(anonymous_10)
FNF:3
FNH:3
FNDA:4,(anonymous_8)
FNDA:4,(anonymous_9)
FNDA:4,(anonymous_10)
DA:1,4
DA:2,4
DA:3,4
DA:4,4
DA:5,4
DA:6,4
DA:7,4
DA:8,4
DA:10,4
DA:16,4
DA:17,4
DA:18,4
DA:19,4
DA:20,4
DA:21,1
DA:22,1
DA:24,4
DA:29,4
DA:30,4
DA:32,4
DA:34,4
DA:40,4
DA:41,4
DA:42,4
DA:48,0
DA:49,0
DA:53,4
LF:27
LH:25
BRDA:20,0,0,1
BRDA:20,0,1,3
BRDA:41,1,0,0
BRDA:41,1,1,4
BRF:4
BRH:3
end_of_record
TN:
SF:src\middlewares\validator.ts
FN:5,(anonymous_0)
FNF:1
FNH:1
FNDA:11,(anonymous_0)
DA:2,4
DA:3,4
DA:5,4
DA:6,11
DA:7,11
DA:8,10
DA:10,1
DA:11,1
DA:14,4
LF:9
LH:9
BRDA:7,0,0,10
BRDA:7,0,1,1
BRF:2
BRH:2
end_of_record
TN:
SF:src\middlewares\auth\auth.midd.ts
FN:6,(anonymous_1)
FNF:1
FNH:1
FNDA:4,(anonymous_1)
DA:2,4
DA:3,4
DA:4,4
DA:6,4
DA:7,4
DA:8,4
DA:9,0
DA:10,0
DA:11,0
DA:14,4
DA:15,4
DA:16,4
DA:17,4
DA:19,0
DA:20,0
DA:21,0
DA:25,4
LF:17
LH:11
BRDA:8,0,0,0
BRDA:8,0,1,4
BRF:2
BRH:1
end_of_record
TN:
SF:src\middlewares\validators\auth\auth.validator.ts
FNF:0
FNH:0
DA:1,4
DA:2,4
DA:7,4
LF:3
LH:3
BRF:0
BRH:0
end_of_record
TN:
SF:src\middlewares\validators\contact\post.ts
FNF:0
FNH:0
DA:2,4
DA:4,4
DA:13,4
LF:3
LH:3
BRF:0
BRH:0
end_of_record
TN:
SF:src\middlewares\validators\contact\put.ts
FNF:0
FNH:0
DA:1,4
DA:3,4
DA:5,4
LF:3
LH:3
BRF:0
BRH:0
end_of_record
TN:
SF:src\middlewares\validators\user\user.validator.ts
FNF:0
FNH:0
DA:1,4
DA:3,4
DA:13,4
LF:3
LH:3
BRF:0
BRH:0
end_of_record
TN:
SF:src\models\contact.ts
FNF:0
FNH:0
DA:1,4
DA:2,4
DA:37,4
LF:3
LH:3
BRF:0
BRH:0
end_of_record
TN:
SF:src\models\user.ts
FNF:0
FNH:0
DA:2,4
DA:4,4
DA:31,4
LF:3
LH:3
BRF:0
BRH:0
end_of_record
